<?xml version="1.0" encoding="UTF-8"?>
<!-- Generated by org.testng.reporters.JUnitReportReporter -->
<testsuite skipped="0" hostname="DELL-PC" name="Selenium.TestNG.UnderStandingAnnotationsInTestNg" tests="1" failures="0" timestamp="09 Aug 2017 07:25:34 GMT" time="0.016" errors="0">
  <testcase name="startTest" time="0.016" classname="Selenium.TestNG.UnderStandingAnnotationsInTestNg"/>
</testsuite> <!-- Selenium.TestNG.UnderStandingAnnotationsInTestNg -->
