<?xml version="1.0" encoding="UTF-8"?>
<!-- Generated by org.testng.reporters.JUnitReportReporter -->
<testsuite skipped="0" hostname="DELL-PC" name="Selenium.ExtentReports.WritingExtentReports" tests="1" failures="0" timestamp="11 Aug 2017 04:45:46 GMT" time="257.590" errors="0">
  <testcase name="invokeBrowser" time="257.590" classname="Selenium.ExtentReports.WritingExtentReports"/>
</testsuite> <!-- Selenium.ExtentReports.WritingExtentReports -->
