<?xml version="1.0" encoding="UTF-8"?>
<!-- Generated by org.testng.reporters.JUnitReportReporter -->
<testsuite skipped="0" hostname="DELL-PC" name="Selenium.TakingScreenshot.TakingScreenShot" tests="2" failures="0" timestamp="11 Aug 2017 03:49:26 GMT" time="38.599" errors="0">
  <testcase name="launcgBrowser" time="38.071" classname="Selenium.TakingScreenshot.TakingScreenShot"/>
  <testcase name="takeScreenPrint" time="0.528" classname="Selenium.TakingScreenshot.TakingScreenShot"/>
</testsuite> <!-- Selenium.TakingScreenshot.TakingScreenShot -->
